<?xml version="1.0" encoding="UTF-8"?>
<testng-results ignored="0" total="1" passed="1" failed="0" skipped="0">
  <reporter-output>
  </reporter-output>
  <suite started-at="2025-08-15T21:22:19 IST" name="Suite" finished-at="2025-08-15T21:22:22 IST" duration-ms="3176">
    <groups>
    </groups>
    <test started-at="2025-08-15T21:22:19 IST" name="Test" finished-at="2025-08-15T21:22:22 IST" duration-ms="3176">
      <class name="crmpackage.Login">
        <test-method signature="crmLogin()[pri:0, instance:crmpackage.Login@60d8c9b7]" started-at="2025-08-15T21:22:19 IST" name="crmLogin" finished-at="2025-08-15T21:22:22 IST" duration-ms="3101" status="PASS">
          <reporter-output>
          </reporter-output>
        </test-method> <!-- crmLogin -->
      </class> <!-- crmpackage.Login -->
    </test> <!-- Test -->
  </suite> <!-- Suite -->
</testng-results>
